# JRE version: OpenJDK Runtime Environment (11.0.8+10) (build 11.0.8+10-post-Ubuntu-0ubuntu118.04.1)
# Java VM: OpenJDK 64-Bit Server VM (11.0.8+10-post-Ubuntu-0ubuntu118.04.1, mixed mode, sharing, tiered, compressed oops, parallel gc, linux-amd64)
Heap:
 PSYoungGen      total 40448K, used 0K [0x00000000eab00000, 0x00000000edb00000, 0x0000000100000000)
  eden space 32256K, 0% used [0x00000000eab00000,0x00000000eab00000,0x00000000eca80000)
  from space 8192K, 0% used [0x00000000ecb00000,0x00000000ecb00000,0x00000000ed300000)
  to   space 6144K, 0% used [0x00000000ed500000,0x00000000ed500000,0x00000000edb00000)
 ParOldGen       total 110592K, used 103814K [0x00000000c0000000, 0x00000000c6c00000, 0x00000000eab00000)
  object space 110592K, 93% used [0x00000000c0000000,0x00000000c65618e0,0x00000000c6c00000)
 Metaspace       used 41184K, capacity 43349K, committed 43688K, reserved 1087488K
  class space    used 4207K, capacity 4998K, committed 5120K, reserved 1048576K
GC Heap History (20 events):
Event: 18.295 GC heap after
{Heap after GC invocations=33 (full 3):
 PSYoungGen      total 18432K, used 3062K [0x00000000eab00000, 0x00000000ec880000, 0x0000000100000000)
  eden space 15360K, 0% used [0x00000000eab00000,0x00000000eab00000,0x00000000eba00000)
  from space 3072K, 99% used [0x00000000eba00000,0x00000000ebcfd898,0x00000000ebd00000)
  to   space 6656K, 0% used [0x00000000ec200000,0x00000000ec200000,0x00000000ec880000)
 ParOldGen       total 110592K, used 69076K [0x00000000c0000000, 0x00000000c6c00000, 0x00000000eab00000)
  object space 110592K, 62% used [0x00000000c0000000,0x00000000c4375250,0x00000000c6c00000)
 Metaspace       used 39400K, capacity 41566K, committed 41896K, reserved 1087488K
  class space    used 4003K, capacity 4809K, committed 4864K, reserved 1048576K
}
Event: 18.524 GC heap before
{Heap before GC invocations=34 (full 3):
 PSYoungGen      total 18432K, used 18422K [0x00000000eab00000, 0x00000000ec880000, 0x0000000100000000)
  eden space 15360K, 100% used [0x00000000eab00000,0x00000000eba00000,0x00000000eba00000)
  from space 3072K, 99% used [0x00000000eba00000,0x00000000ebcfd898,0x00000000ebd00000)
  to   space 6656K, 0% used [0x00000000ec200000,0x00000000ec200000,0x00000000ec880000)
 ParOldGen       total 110592K, used 69076K [0x00000000c0000000, 0x00000000c6c00000, 0x00000000eab00000)
  object space 110592K, 62% used [0x00000000c0000000,0x00000000c4375250,0x00000000c6c00000)
 Metaspace       used 39856K, capacity 42014K, committed 42408K, reserved 1087488K
  class space    used 4071K, capacity 4852K, committed 4864K, reserved 1048576K
}
Event: 18.536 GC heap after
{Heap after GC invocations=34 (full 3):
 PSYoungGen      total 20480K, used 3109K [0x00000000eab00000, 0x00000000ec580000, 0x0000000100000000)
  eden space 16896K, 0% used [0x00000000eab00000,0x00000000eab00000,0x00000000ebb80000)
  from space 3584K, 86% used [0x00000000ec200000,0x00000000ec509478,0x00000000ec580000)
  to   space 4608K, 0% used [0x00000000ebc80000,0x00000000ebc80000,0x00000000ec100000)
 ParOldGen       total 110592K, used 72090K [0x00000000c0000000, 0x00000000c6c00000, 0x00000000eab00000)
  object space 110592K, 65% used [0x00000000c0000000,0x00000000c4666840,0x00000000c6c00000)
 Metaspace       used 39856K, capacity 42014K, committed 42408K, reserved 1087488K
  class space    used 4071K, capacity 4852K, committed 4864K, reserved 1048576K
}
Event: 18.717 GC heap before
{Heap before GC invocations=35 (full 3):
 PSYoungGen      total 20480K, used 20005K [0x00000000eab00000, 0x00000000ec580000, 0x0000000100000000)
  eden space 16896K, 100% used [0x00000000eab00000,0x00000000ebb80000,0x00000000ebb80000)
  from space 3584K, 86% used [0x00000000ec200000,0x00000000ec509478,0x00000000ec580000)
  to   space 4608K, 0% used [0x00000000ebc80000,0x00000000ebc80000,0x00000000ec100000)
 ParOldGen       total 110592K, used 72090K [0x00000000c0000000, 0x00000000c6c00000, 0x00000000eab00000)
  object space 110592K, 65% used [0x00000000c0000000,0x00000000c4666840,0x00000000c6c00000)
 Metaspace       used 40550K, capacity 42778K, committed 43048K, reserved 1087488K
  class space    used 4158K, capacity 4956K, committed 4992K, reserved 1048576K
}
Event: 18.738 GC heap after
{Heap after GC invocations=35 (full 3):
 PSYoungGen      total 22528K, used 4594K [0x00000000eab00000, 0x00000000ecb80000, 0x0000000100000000)
  eden space 17920K, 0% used [0x00000000eab00000,0x00000000eab00000,0x00000000ebc80000)
  from space 4608K, 99% used [0x00000000ebc80000,0x00000000ec0fcb58,0x00000000ec100000)
  to   space 7168K, 0% used [0x00000000ec480000,0x00000000ec480000,0x00000000ecb80000)
 ParOldGen       total 110592K, used 73814K [0x00000000c0000000, 0x00000000c6c00000, 0x00000000eab00000)
  object space 110592K, 66% used [0x00000000c0000000,0x00000000c4815a90,0x00000000c6c00000)
 Metaspace       used 40550K, capacity 42778K, committed 43048K, reserved 1087488K
  class space    used 4158K, capacity 4956K, committed 4992K, reserved 1048576K
}
Event: 18.861 GC heap before
{Heap before GC invocations=36 (full 3):
 PSYoungGen      total 22528K, used 22514K [0x00000000eab00000, 0x00000000ecb80000, 0x0000000100000000)
  eden space 17920K, 100% used [0x00000000eab00000,0x00000000ebc80000,0x00000000ebc80000)
  from space 4608K, 99% used [0x00000000ebc80000,0x00000000ec0fcb58,0x00000000ec100000)
  to   space 7168K, 0% used [0x00000000ec480000,0x00000000ec480000,0x00000000ecb80000)
 ParOldGen       total 110592K, used 73814K [0x00000000c0000000, 0x00000000c6c00000, 0x00000000eab00000)
  object space 110592K, 66% used [0x00000000c0000000,0x00000000c4815a90,0x00000000c6c00000)
 Metaspace       used 40642K, capacity 42842K, committed 43048K, reserved 1087488K
  class space    used 4165K, capacity 4956K, committed 4992K, reserved 1048576K
}
Event: 18.885 GC heap after
{Heap after GC invocations=36 (full 3):
 PSYoungGen      total 23040K, used 2985K [0x00000000eab00000, 0x00000000ec780000, 0x0000000100000000)
  eden space 19968K, 0% used [0x00000000eab00000,0x00000000eab00000,0x00000000ebe80000)
  from space 3072K, 97% used [0x00000000ec480000,0x00000000ec76a4c8,0x00000000ec780000)
  to   space 4608K, 0% used [0x00000000ebe80000,0x00000000ebe80000,0x00000000ec300000)
 ParOldGen       total 110592K, used 78359K [0x00000000c0000000, 0x00000000c6c00000, 0x00000000eab00000)
  object space 110592K, 70% used [0x00000000c0000000,0x00000000c4c85df0,0x00000000c6c00000)
 Metaspace       used 40642K, capacity 42842K, committed 43048K, reserved 1087488K
  class space    used 4165K, capacity 4956K, committed 4992K, reserved 1048576K
}
Event: 19.011 GC heap before
{Heap before GC invocations=37 (full 3):
 PSYoungGen      total 23040K, used 22953K [0x00000000eab00000, 0x00000000ec780000, 0x0000000100000000)
  eden space 19968K, 100% used [0x00000000eab00000,0x00000000ebe80000,0x00000000ebe80000)
  from space 3072K, 97% used [0x00000000ec480000,0x00000000ec76a4c8,0x00000000ec780000)
  to   space 4608K, 0% used [0x00000000ebe80000,0x00000000ebe80000,0x00000000ec300000)
 ParOldGen       total 110592K, used 78359K [0x00000000c0000000, 0x00000000c6c00000, 0x00000000eab00000)
  object space 110592K, 70% used [0x00000000c0000000,0x00000000c4c85df0,0x00000000c6c00000)
 Metaspace       used 40642K, capacity 42842K, committed 43048K, reserved 1087488K
  class space    used 4165K, capacity 4956K, committed 4992K, reserved 1048576K
}
Event: 19.025 GC heap after
{Heap after GC invocations=37 (full 3):
 PSYoungGen      total 24576K, used 4599K [0x00000000eab00000, 0x00000000ecc80000, 0x0000000100000000)
  eden space 19968K, 0% used [0x00000000eab00000,0x00000000eab00000,0x00000000ebe80000)
  from space 4608K, 99% used [0x00000000ebe80000,0x00000000ec2fdff8,0x00000000ec300000)
  to   space 6144K, 0% used [0x00000000ec680000,0x00000000ec680000,0x00000000ecc80000)
 ParOldGen       total 110592K, used 79263K [0x00000000c0000000, 0x00000000c6c00000, 0x00000000eab00000)
  object space 110592K, 71% used [0x00000000c0000000,0x00000000c4d67f30,0x00000000c6c00000)
 Metaspace       used 40642K, capacity 42842K, committed 43048K, reserved 1087488K
  class space    used 4165K, capacity 4956K, committed 4992K, reserved 1048576K
}
Event: 19.247 GC heap before
{Heap before GC invocations=38 (full 3):
 PSYoungGen      total 24576K, used 24567K [0x00000000eab00000, 0x00000000ecc80000, 0x0000000100000000)
  eden space 19968K, 100% used [0x00000000eab00000,0x00000000ebe80000,0x00000000ebe80000)
  from space 4608K, 99% used [0x00000000ebe80000,0x00000000ec2fdff8,0x00000000ec300000)
  to   space 6144K, 0% used [0x00000000ec680000,0x00000000ec680000,0x00000000ecc80000)
 ParOldGen       total 110592K, used 79263K [0x00000000c0000000, 0x00000000c6c00000, 0x00000000eab00000)
  object space 110592K, 71% used [0x00000000c0000000,0x00000000c4d67f30,0x00000000c6c00000)
 Metaspace       used 41121K, capacity 43349K, committed 43688K, reserved 1087488K
  class space    used 4204K, capacity 4998K, committed 5120K, reserved 1048576K
}
Event: 19.306 GC heap after
{Heap after GC invocations=38 (full 3):
 PSYoungGen      total 27136K, used 4224K [0x00000000eab00000, 0x00000000ecb00000, 0x0000000100000000)
  eden space 22528K, 0% used [0x00000000eab00000,0x00000000eab00000,0x00000000ec100000)
  from space 4608K, 91% used [0x00000000ec680000,0x00000000ecaa0260,0x00000000ecb00000)
  to   space 5120K, 0% used [0x00000000ec100000,0x00000000ec100000,0x00000000ec600000)
 ParOldGen       total 110592K, used 83787K [0x00000000c0000000, 0x00000000c6c00000, 0x00000000eab00000)
  object space 110592K, 75% used [0x00000000c0000000,0x00000000c51d2d88,0x00000000c6c00000)
 Metaspace       used 41121K, capacity 43349K, committed 43688K, reserved 1087488K
  class space    used 4204K, capacity 4998K, committed 5120K, reserved 1048576K
}
Event: 19.604 GC heap before
{Heap before GC invocations=39 (full 3):
 PSYoungGen      total 27136K, used 26752K [0x00000000eab00000, 0x00000000ecb00000, 0x0000000100000000)
  eden space 22528K, 100% used [0x00000000eab00000,0x00000000ec100000,0x00000000ec100000)
  from space 4608K, 91% used [0x00000000ec680000,0x00000000ecaa0260,0x00000000ecb00000)
  to   space 5120K, 0% used [0x00000000ec100000,0x00000000ec100000,0x00000000ec600000)
 ParOldGen       total 110592K, used 83787K [0x00000000c0000000, 0x00000000c6c00000, 0x00000000eab00000)
  object space 110592K, 75% used [0x00000000c0000000,0x00000000c51d2d88,0x00000000c6c00000)
 Metaspace       used 41154K, capacity 43349K, committed 43688K, reserved 1087488K
  class space    used 4205K, capacity 4998K, committed 5120K, reserved 1048576K
}
Event: 19.879 GC heap after
{Heap after GC invocations=39 (full 3):
 PSYoungGen      total 27648K, used 5090K [0x00000000eab00000, 0x00000000ed780000, 0x0000000100000000)
  eden space 22528K, 0% used [0x00000000eab00000,0x00000000eab00000,0x00000000ec100000)
  from space 5120K, 99% used [0x00000000ec100000,0x00000000ec5f8a90,0x00000000ec600000)
  to   space 9728K, 0% used [0x00000000ece00000,0x00000000ece00000,0x00000000ed780000)
 ParOldGen       total 110592K, used 87585K [0x00000000c0000000, 0x00000000c6c00000, 0x00000000eab00000)
  object space 110592K, 79% used [0x00000000c0000000,0x00000000c5588480,0x00000000c6c00000)
 Metaspace       used 41154K, capacity 43349K, committed 43688K, reserved 1087488K
  class space    used 4205K, capacity 4998K, committed 5120K, reserved 1048576K
}
Event: 20.762 GC heap before
{Heap before GC invocations=40 (full 3):
 PSYoungGen      total 27648K, used 27618K [0x00000000eab00000, 0x00000000ed780000, 0x0000000100000000)
  eden space 22528K, 100% used [0x00000000eab00000,0x00000000ec100000,0x00000000ec100000)
  from space 5120K, 99% used [0x00000000ec100000,0x00000000ec5f8a90,0x00000000ec600000)
  to   space 9728K, 0% used [0x00000000ece00000,0x00000000ece00000,0x00000000ed780000)
 ParOldGen       total 110592K, used 87585K [0x00000000c0000000, 0x00000000c6c00000, 0x00000000eab00000)
  object space 110592K, 79% used [0x00000000c0000000,0x00000000c5588480,0x00000000c6c00000)
 Metaspace       used 41174K, capacity 43349K, committed 43688K, reserved 1087488K
  class space    used 4205K, capacity 4998K, committed 5120K, reserved 1048576K
}
Event: 21.250 GC heap after
{Heap after GC invocations=40 (full 3):
 PSYoungGen      total 31232K, used 4636K [0x00000000eab00000, 0x00000000ed300000, 0x0000000100000000)
  eden space 26112K, 0% used [0x00000000eab00000,0x00000000eab00000,0x00000000ec480000)
  from space 5120K, 90% used [0x00000000ece00000,0x00000000ed2871b0,0x00000000ed300000)
  to   space 6656K, 0% used [0x00000000ec600000,0x00000000ec600000,0x00000000ecc80000)
 ParOldGen       total 110592K, used 92643K [0x00000000c0000000, 0x00000000c6c00000, 0x00000000eab00000)
  object space 110592K, 83% used [0x00000000c0000000,0x00000000c5a78f58,0x00000000c6c00000)
 Metaspace       used 41174K, capacity 43349K, committed 43688K, reserved 1087488K
  class space    used 4205K, capacity 4998K, committed 5120K, reserved 1048576K
}
Event: 23.350 GC heap before
{Heap before GC invocations=41 (full 3):
 PSYoungGen      total 31232K, used 30748K [0x00000000eab00000, 0x00000000ed300000, 0x0000000100000000)
  eden space 26112K, 100% used [0x00000000eab00000,0x00000000ec480000,0x00000000ec480000)
  from space 5120K, 90% used [0x00000000ece00000,0x00000000ed2871b0,0x00000000ed300000)
  to   space 6656K, 0% used [0x00000000ec600000,0x00000000ec600000,0x00000000ecc80000)
 ParOldGen       total 110592K, used 92643K [0x00000000c0000000, 0x00000000c6c00000, 0x00000000eab00000)
  object space 110592K, 83% used [0x00000000c0000000,0x00000000c5a78f58,0x00000000c6c00000)
 Metaspace       used 41180K, capacity 43349K, committed 43688K, reserved 1087488K
  class space    used 4207K, capacity 4998K, committed 5120K, reserved 1048576K
}
Event: 23.780 GC heap after
{Heap after GC invocations=41 (full 3):
 PSYoungGen      total 34304K, used 6654K [0x00000000eab00000, 0x00000000ee180000, 0x0000000100000000)
  eden space 27648K, 0% used [0x00000000eab00000,0x00000000eab00000,0x00000000ec600000)
  from space 6656K, 99% used [0x00000000ec600000,0x00000000ecc7fac8,0x00000000ecc80000)
  to   space 12800K, 0% used [0x00000000ed500000,0x00000000ed500000,0x00000000ee180000)
 ParOldGen       total 110592K, used 97299K [0x00000000c0000000, 0x00000000c6c00000, 0x00000000eab00000)
  object space 110592K, 87% used [0x00000000c0000000,0x00000000c5f04e50,0x00000000c6c00000)
 Metaspace       used 41180K, capacity 43349K, committed 43688K, reserved 1087488K
  class space    used 4207K, capacity 4998K, committed 5120K, reserved 1048576K
}
Event: 27.359 GC heap before
{Heap before GC invocations=42 (full 3):
 PSYoungGen      total 34304K, used 34302K [0x00000000eab00000, 0x00000000ee180000, 0x0000000100000000)
  eden space 27648K, 100% used [0x00000000eab00000,0x00000000ec600000,0x00000000ec600000)
  from space 6656K, 99% used [0x00000000ec600000,0x00000000ecc7fac8,0x00000000ecc80000)
  to   space 12800K, 0% used [0x00000000ed500000,0x00000000ed500000,0x00000000ee180000)
 ParOldGen       total 110592K, used 97299K [0x00000000c0000000, 0x00000000c6c00000, 0x00000000eab00000)
  object space 110592K, 87% used [0x00000000c0000000,0x00000000c5f04e50,0x00000000c6c00000)
 Metaspace       used 41184K, capacity 43349K, committed 43688K, reserved 1087488K
  class space    used 4207K, capacity 4998K, committed 5120K, reserved 1048576K
}
Event: 28.161 GC heap after
{Heap after GC invocations=42 (full 3):
 PSYoungGen      total 38400K, used 5886K [0x00000000eab00000, 0x00000000edb00000, 0x0000000100000000)
  eden space 32256K, 0% used [0x00000000eab00000,0x00000000eab00000,0x00000000eca80000)
  from space 6144K, 95% used [0x00000000ed500000,0x00000000edabf9c0,0x00000000edb00000)
  to   space 8192K, 0% used [0x00000000ecb00000,0x00000000ecb00000,0x00000000ed300000)
 ParOldGen       total 110592K, used 103997K [0x00000000c0000000, 0x00000000c6c00000, 0x00000000eab00000)
  object space 110592K, 94% used [0x00000000c0000000,0x00000000c658f438,0x00000000c6c00000)
 Metaspace       used 41184K, capacity 43349K, committed 43688K, reserved 1087488K
  class space    used 4207K, capacity 4998K, committed 5120K, reserved 1048576K
}
Event: 28.161 GC heap before
{Heap before GC invocations=43 (full 4):
 PSYoungGen      total 38400K, used 5886K [0x00000000eab00000, 0x00000000edb00000, 0x0000000100000000)
  eden space 32256K, 0% used [0x00000000eab00000,0x00000000eab00000,0x00000000eca80000)
  from space 6144K, 95% used [0x00000000ed500000,0x00000000edabf9c0,0x00000000edb00000)
  to   space 8192K, 0% used [0x00000000ecb00000,0x00000000ecb00000,0x00000000ed300000)
 ParOldGen       total 110592K, used 103997K [0x00000000c0000000, 0x00000000c6c00000, 0x00000000eab00000)
  object space 110592K, 94% used [0x00000000c0000000,0x00000000c658f438,0x00000000c6c00000)
 Metaspace       used 41184K, capacity 43349K, committed 43688K, reserved 1087488K
  class space    used 4207K, capacity 4998K, committed 5120K, reserved 1048576K
}

